
2024-10-30T13:20:33+03:00 [INFO] User logged in

2024-10-30T13:20:33+03:00 [DEBUG] Invalid input received

2024-10-30T13:20:33+03:00 [ERROR] User logged out

2024-10-30T13:20:33+03:00 [INFO] User logged in

2024-10-30T13:20:33+03:00 [ERROR] Error processing request

2024-10-30T13:20:34+03:00 [INFO] File uploaded

2024-10-30T13:20:34+03:00 [DEBUG] User logged out

2024-10-30T13:20:34+03:00 [DEBUG] Database connection established

2024-10-30T13:20:34+03:00 [INFO] Database connection established

2024-10-30T13:20:34+03:00 [ERROR] File uploaded

2024-10-30T13:20:34+03:00 [INFO] User logged in

2024-10-30T13:20:34+03:00 [ERROR] Invalid input received

2024-10-30T13:20:34+03:00 [INFO] Invalid input received

2024-10-30T13:20:34+03:00 [DEBUG] File uploaded

2024-10-30T13:20:35+03:00 [INFO] File uploaded

2024-10-30T13:20:35+03:00 [DEBUG] User logged in

2024-10-30T13:20:35+03:00 [ERROR] File uploaded

2024-10-30T13:20:35+03:00 [INFO] Invalid input received

2024-10-30T13:20:35+03:00 [ERROR] File uploaded

2024-10-30T13:20:35+03:00 [INFO] User logged in

2024-10-30T13:20:35+03:00 [DEBUG] Error processing request

2024-10-30T13:20:35+03:00 [DEBUG] File uploaded

2024-10-30T13:20:35+03:00 [ERROR] Database connection established

2024-10-30T13:20:36+03:00 [ERROR] File uploaded

2024-10-30T13:20:36+03:00 [DEBUG] File uploaded

2024-10-30T13:20:36+03:00 [ERROR] User logged in

2024-10-30T13:20:36+03:00 [ERROR] User logged in

2024-10-30T13:20:36+03:00 [INFO] Error processing request

2024-10-30T13:20:36+03:00 [ERROR] Error processing request

2024-10-30T13:20:36+03:00 [ERROR] Error processing request

2024-10-30T13:20:36+03:00 [INFO] User logged out

2024-10-30T13:20:36+03:00 [DEBUG] File uploaded

2024-10-30T13:20:37+03:00 [INFO] Error processing request

2024-10-30T13:20:37+03:00 [DEBUG] Database connection established

2024-10-30T13:20:37+03:00 [INFO] Error processing request

2024-10-30T13:20:37+03:00 [ERROR] File uploaded

2024-10-30T13:20:37+03:00 [ERROR] Error processing request

2024-10-30T13:20:37+03:00 [ERROR] User logged out

2024-10-30T13:20:37+03:00 [INFO] User logged out

2024-10-30T13:20:37+03:00 [ERROR] Error processing request

2024-10-30T13:20:37+03:00 [INFO] Error processing request

2024-10-30T13:20:38+03:00 [DEBUG] Invalid input received

2024-10-30T13:20:38+03:00 [DEBUG] File uploaded

2024-10-30T13:20:38+03:00 [DEBUG] User logged out

2024-10-30T13:20:38+03:00 [DEBUG] Invalid input received

2024-10-30T13:20:38+03:00 [ERROR] Error processing request

2024-10-30T13:20:38+03:00 [ERROR] User logged out

2024-10-30T13:20:38+03:00 [DEBUG] Invalid input received

2024-10-30T13:20:38+03:00 [ERROR] File uploaded

2024-10-30T13:20:38+03:00 [ERROR] User logged out

2024-10-30T13:20:39+03:00 [DEBUG] User logged in

2024-10-30T13:20:39+03:00 [DEBUG] Invalid input received

2024-10-30T13:20:39+03:00 [INFO] User logged in

2024-10-30T13:20:39+03:00 [DEBUG] User logged in

2024-10-30T13:20:39+03:00 [DEBUG] Error processing request

2024-10-30T13:20:39+03:00 [ERROR] User logged in

2024-10-30T13:20:39+03:00 [DEBUG] Invalid input received

2024-10-30T13:20:39+03:00 [INFO] Invalid input received

2024-10-30T13:20:39+03:00 [DEBUG] User logged in

2024-10-30T13:20:39+03:00 [DEBUG] Invalid input received

2024-10-30T13:20:40+03:00 [ERROR] User logged in

2024-10-30T13:20:40+03:00 [DEBUG] Error processing request

2024-10-30T13:20:40+03:00 [ERROR] Error processing request

2024-10-30T13:20:40+03:00 [INFO] User logged out

2024-10-30T13:20:40+03:00 [DEBUG] Error processing request

2024-10-30T13:20:40+03:00 [INFO] File uploaded

2024-10-30T13:20:40+03:00 [DEBUG] Database connection established

2024-10-30T13:20:40+03:00 [INFO] Database connection established

2024-10-30T13:20:40+03:00 [ERROR] Database connection established

2024-10-30T13:20:41+03:00 [DEBUG] Database connection established

2024-10-30T13:20:41+03:00 [INFO] File uploaded

2024-10-30T13:20:41+03:00 [INFO] Database connection established

2024-10-30T13:20:41+03:00 [ERROR] User logged out

2024-10-30T13:20:41+03:00 [DEBUG] User logged out

2024-10-30T13:20:41+03:00 [ERROR] User logged out

2024-10-30T13:20:41+03:00 [DEBUG] User logged out

2024-10-30T13:20:41+03:00 [DEBUG] User logged in

2024-10-30T13:20:41+03:00 [DEBUG] User logged out

2024-10-30T13:20:42+03:00 [INFO] User logged out

2024-10-30T13:20:42+03:00 [DEBUG] File uploaded

2024-10-30T13:20:42+03:00 [DEBUG] Error processing request

2024-10-30T13:20:42+03:00 [INFO] Invalid input received

2024-10-30T13:20:42+03:00 [INFO] Database connection established

2024-10-30T13:20:42+03:00 [DEBUG] Database connection established

2024-10-30T13:20:42+03:00 [ERROR] File uploaded

2024-10-30T13:20:42+03:00 [INFO] File uploaded

2024-10-30T13:20:42+03:00 [DEBUG] File uploaded

2024-10-30T13:20:43+03:00 [INFO] Error processing request

2024-10-30T13:20:43+03:00 [ERROR] Invalid input received

2024-10-30T13:20:43+03:00 [DEBUG] Database connection established

2024-10-30T13:20:43+03:00 [ERROR] Database connection established

2024-10-30T13:20:43+03:00 [ERROR] User logged out

2024-10-30T13:20:43+03:00 [DEBUG] User logged in

2024-10-30T13:20:43+03:00 [ERROR] User logged out

2024-10-30T13:20:43+03:00 [ERROR] User logged in

2024-10-30T13:20:43+03:00 [DEBUG] User logged out

2024-10-30T13:20:44+03:00 [DEBUG] File uploaded

2024-10-30T13:20:44+03:00 [DEBUG] Database connection established

2024-10-30T13:20:44+03:00 [INFO] Database connection established

2024-10-30T13:20:44+03:00 [DEBUG] Invalid input received

